<?xml version="1.0" encoding="UTF-8"?>
<coverage generated="1705340895">
  <project timestamp="1705340895">
    <file name="/home/sveta/php-project-48/src/Differs/Yaml.php">
      <line num="10" type="stmt" count="0"/>
      <line num="11" type="stmt" count="0"/>
      <line num="12" type="stmt" count="0"/>
      <line num="14" type="stmt" count="0"/>
      <line num="17" type="stmt" count="0"/>
      <line num="18" type="stmt" count="0"/>
      <line num="19" type="stmt" count="0"/>
      <line num="21" type="stmt" count="0"/>
      <line num="22" type="stmt" count="0"/>
      <line num="24" type="stmt" count="0"/>
      <line num="25" type="stmt" count="0"/>
      <line num="28" type="stmt" count="0"/>
      <line num="30" type="stmt" count="0"/>
      <line num="31" type="stmt" count="0"/>
      <line num="33" type="stmt" count="0"/>
      <line num="34" type="stmt" count="0"/>
      <line num="36" type="stmt" count="0"/>
      <line num="37" type="stmt" count="0"/>
      <line num="38" type="stmt" count="0"/>
      <line num="42" type="stmt" count="0"/>
      <line num="46" type="stmt" count="0"/>
      <line num="48" type="stmt" count="0"/>
      <line num="50" type="stmt" count="0"/>
      <line num="51" type="stmt" count="0"/>
      <line num="53" type="stmt" count="0"/>
      <line num="54" type="stmt" count="0"/>
      <line num="57" type="stmt" count="0"/>
      <line num="67" type="stmt" count="0"/>
      <line num="70" type="stmt" count="0"/>
      <line num="72" type="stmt" count="0"/>
      <line num="74" type="stmt" count="0"/>
      <line num="75" type="stmt" count="0"/>
      <line num="76" type="stmt" count="0"/>
      <line num="77" type="stmt" count="0"/>
      <line num="79" type="stmt" count="0"/>
      <line num="82" type="stmt" count="0"/>
      <line num="83" type="stmt" count="0"/>
      <line num="85" type="stmt" count="0"/>
      <line num="88" type="stmt" count="0"/>
      <line num="89" type="stmt" count="0"/>
      <line num="91" type="stmt" count="0"/>
      <line num="94" type="stmt" count="0"/>
      <line num="95" type="stmt" count="0"/>
      <line num="99" type="stmt" count="0"/>
      <line num="102" type="stmt" count="0"/>
      <line num="106" type="stmt" count="0"/>
      <line num="112" type="stmt" count="0"/>
      <line num="113" type="stmt" count="0"/>
      <line num="114" type="stmt" count="0"/>
      <line num="115" type="stmt" count="0"/>
      <line num="117" type="stmt" count="0"/>
      <line num="124" type="stmt" count="0"/>
      <line num="130" type="stmt" count="0"/>
      <line num="131" type="stmt" count="0"/>
      <line num="134" type="stmt" count="0"/>
      <line num="136" type="stmt" count="0"/>
      <line num="137" type="stmt" count="0"/>
      <line num="140" type="stmt" count="0"/>
      <line num="143" type="stmt" count="0"/>
      <line num="144" type="stmt" count="0"/>
      <line num="145" type="stmt" count="0"/>
      <line num="151" type="stmt" count="0"/>
      <line num="152" type="stmt" count="0"/>
      <line num="158" type="stmt" count="0"/>
      <line num="160" type="stmt" count="0"/>
      <line num="161" type="stmt" count="0"/>
      <line num="162" type="stmt" count="0"/>
      <line num="164" type="stmt" count="0"/>
      <line num="165" type="stmt" count="0"/>
      <line num="167" type="stmt" count="0"/>
      <line num="169" type="stmt" count="0"/>
      <line num="171" type="stmt" count="0"/>
      <line num="174" type="stmt" count="0"/>
      <line num="175" type="stmt" count="0"/>
      <line num="176" type="stmt" count="0"/>
      <line num="177" type="stmt" count="0"/>
      <line num="178" type="stmt" count="0"/>
      <line num="180" type="stmt" count="0"/>
      <line num="186" type="stmt" count="0"/>
      <line num="187" type="stmt" count="0"/>
      <line num="189" type="stmt" count="0"/>
      <line num="190" type="stmt" count="0"/>
      <line num="191" type="stmt" count="0"/>
      <line num="192" type="stmt" count="0"/>
      <line num="193" type="stmt" count="0"/>
      <line num="194" type="stmt" count="0"/>
      <line num="195" type="stmt" count="0"/>
      <line num="196" type="stmt" count="0"/>
      <line num="197" type="stmt" count="0"/>
      <line num="199" type="stmt" count="0"/>
      <line num="200" type="stmt" count="0"/>
      <line num="202" type="stmt" count="0"/>
      <line num="204" type="stmt" count="0"/>
      <line num="208" type="stmt" count="0"/>
      <line num="213" type="stmt" count="0"/>
      <line num="215" type="stmt" count="0"/>
      <line num="218" type="stmt" count="0"/>
      <line num="219" type="stmt" count="0"/>
      <line num="220" type="stmt" count="0"/>
      <metrics loc="221" ncloc="186" classes="0" methods="0" coveredmethods="0" conditionals="0" coveredconditionals="0" statements="99" coveredstatements="0" elements="99" coveredelements="0"/>
    </file>
    <file name="/home/sveta/php-project-48/src/Formatters.php">
      <line num="11" type="stmt" count="8"/>
      <line num="12" type="stmt" count="1"/>
      <line num="14" type="stmt" count="7"/>
      <line num="15" type="stmt" count="1"/>
      <line num="18" type="stmt" count="6"/>
      <metrics loc="19" ncloc="19" classes="0" methods="0" coveredmethods="0" conditionals="0" coveredconditionals="0" statements="5" coveredstatements="5" elements="5" coveredelements="5"/>
    </file>
    <file name="/home/sveta/php-project-48/src/Formatters/Json.php">
      <line num="9" type="stmt" count="1"/>
      <metrics loc="10" ncloc="10" classes="0" methods="0" coveredmethods="0" conditionals="0" coveredconditionals="0" statements="1" coveredstatements="1" elements="1" coveredelements="1"/>
    </file>
    <file name="/home/sveta/php-project-48/src/Formatters/Plain.php">
      <line num="13" type="stmt" count="1"/>
      <line num="14" type="stmt" count="1"/>
      <line num="17" type="stmt" count="1"/>
      <line num="23" type="stmt" count="1"/>
      <line num="24" type="stmt" count="1"/>
      <line num="26" type="stmt" count="1"/>
      <line num="28" type="stmt" count="1"/>
      <line num="30" type="stmt" count="1"/>
      <line num="31" type="stmt" count="1"/>
      <line num="32" type="stmt" count="1"/>
      <line num="33" type="stmt" count="1"/>
      <line num="34" type="stmt" count="1"/>
      <line num="35" type="stmt" count="1"/>
      <line num="37" type="stmt" count="1"/>
      <line num="38" type="stmt" count="1"/>
      <line num="39" type="stmt" count="1"/>
      <line num="42" type="stmt" count="1"/>
      <line num="45" type="stmt" count="1"/>
      <line num="48" type="stmt" count="1"/>
      <line num="50" type="stmt" count="1"/>
      <line num="51" type="stmt" count="1"/>
      <line num="52" type="stmt" count="1"/>
      <metrics loc="53" ncloc="46" classes="0" methods="0" coveredmethods="0" conditionals="0" coveredconditionals="0" statements="22" coveredstatements="22" elements="22" coveredelements="22"/>
    </file>
    <file name="/home/sveta/php-project-48/src/Formatters/Stylish.php">
      <line num="235" type="stmt" count="7"/>
      <line num="236" type="stmt" count="7"/>
      <line num="240" type="stmt" count="7"/>
      <line num="292" type="stmt" count="8"/>
      <line num="298" type="stmt" count="7"/>
      <line num="299" type="stmt" count="6"/>
      <line num="300" type="stmt" count="7"/>
      <line num="301" type="stmt" count="6"/>
      <line num="303" type="stmt" count="6"/>
      <line num="310" type="stmt" count="8"/>
      <line num="316" type="stmt" count="7"/>
      <line num="317" type="stmt" count="7"/>
      <line num="320" type="stmt" count="7"/>
      <line num="322" type="stmt" count="7"/>
      <line num="323" type="stmt" count="7"/>
      <line num="328" type="stmt" count="4"/>
      <line num="331" type="stmt" count="5"/>
      <line num="332" type="stmt" count="5"/>
      <line num="333" type="stmt" count="5"/>
      <line num="338" type="stmt" count="7"/>
      <line num="339" type="stmt" count="7"/>
      <line num="340" type="stmt" count="7"/>
      <line num="346" type="stmt" count="7"/>
      <line num="348" type="stmt" count="7"/>
      <line num="349" type="stmt" count="7"/>
      <line num="350" type="stmt" count="7"/>
      <line num="352" type="stmt" count="7"/>
      <line num="353" type="stmt" count="7"/>
      <line num="355" type="stmt" count="7"/>
      <line num="357" type="stmt" count="7"/>
      <line num="359" type="stmt" count="7"/>
      <line num="362" type="stmt" count="7"/>
      <line num="363" type="stmt" count="7"/>
      <line num="364" type="stmt" count="7"/>
      <line num="365" type="stmt" count="7"/>
      <line num="366" type="stmt" count="7"/>
      <line num="367" type="stmt" count="7"/>
      <line num="368" type="stmt" count="7"/>
      <line num="372" type="stmt" count="6"/>
      <line num="376" type="stmt" count="6"/>
      <line num="377" type="stmt" count="6"/>
      <line num="379" type="stmt" count="6"/>
      <line num="382" type="stmt" count="6"/>
      <line num="383" type="stmt" count="6"/>
      <line num="384" type="stmt" count="6"/>
      <line num="385" type="stmt" count="6"/>
      <line num="386" type="stmt" count="6"/>
      <line num="387" type="stmt" count="6"/>
      <line num="388" type="stmt" count="6"/>
      <line num="389" type="stmt" count="4"/>
      <line num="390" type="stmt" count="4"/>
      <line num="392" type="stmt" count="6"/>
      <line num="393" type="stmt" count="6"/>
      <line num="394" type="stmt" count="6"/>
      <line num="396" type="stmt" count="6"/>
      <line num="397" type="stmt" count="0"/>
      <line num="399" type="stmt" count="6"/>
      <line num="400" type="stmt" count="6"/>
      <line num="402" type="stmt" count="6"/>
      <line num="405" type="stmt" count="6"/>
      <line num="406" type="stmt" count="6"/>
      <line num="409" type="stmt" count="6"/>
      <line num="416" type="stmt" count="6"/>
      <line num="419" type="stmt" count="6"/>
      <metrics loc="420" ncloc="130" classes="0" methods="0" coveredmethods="0" conditionals="0" coveredconditionals="0" statements="64" coveredstatements="63" elements="64" coveredelements="63"/>
    </file>
    <file name="/home/sveta/php-project-48/src/Gendiff.php">
      <line num="95" type="stmt" count="8"/>
      <line num="96" type="stmt" count="8"/>
      <line num="97" type="stmt" count="7"/>
      <line num="100" type="stmt" count="8"/>
      <line num="103" type="stmt" count="8"/>
      <line num="104" type="stmt" count="8"/>
      <line num="105" type="stmt" count="8"/>
      <line num="107" type="stmt" count="8"/>
      <line num="108" type="stmt" count="8"/>
      <line num="110" type="stmt" count="8"/>
      <line num="111" type="stmt" count="8"/>
      <line num="114" type="stmt" count="8"/>
      <line num="116" type="stmt" count="8"/>
      <line num="117" type="stmt" count="8"/>
      <line num="119" type="stmt" count="8"/>
      <line num="120" type="stmt" count="8"/>
      <line num="122" type="stmt" count="8"/>
      <line num="124" type="stmt" count="8"/>
      <line num="126" type="stmt" count="8"/>
      <line num="131" type="stmt" count="8"/>
      <line num="135" type="stmt" count="8"/>
      <line num="137" type="stmt" count="8"/>
      <line num="139" type="stmt" count="8"/>
      <line num="140" type="stmt" count="8"/>
      <line num="142" type="stmt" count="8"/>
      <line num="143" type="stmt" count="8"/>
      <line num="146" type="stmt" count="8"/>
      <line num="152" type="stmt" count="8"/>
      <line num="153" type="stmt" count="8"/>
      <line num="157" type="stmt" count="8"/>
      <line num="158" type="stmt" count="8"/>
      <line num="161" type="stmt" count="8"/>
      <metrics loc="167" ncloc="74" classes="0" methods="0" coveredmethods="0" conditionals="0" coveredconditionals="0" statements="32" coveredstatements="32" elements="32" coveredelements="32"/>
    </file>
    <file name="/home/sveta/php-project-48/src/Parsers.php">
      <line num="10" type="stmt" count="8"/>
      <line num="11" type="stmt" count="8"/>
      <line num="12" type="stmt" count="8"/>
      <line num="13" type="stmt" count="0"/>
      <line num="15" type="stmt" count="8"/>
      <line num="16" type="stmt" count="8"/>
      <line num="17" type="stmt" count="8"/>
      <line num="22" type="stmt" count="8"/>
      <line num="23" type="stmt" count="8"/>
      <line num="24" type="stmt" count="8"/>
      <line num="25" type="stmt" count="7"/>
      <line num="27" type="stmt" count="1"/>
      <line num="28" type="stmt" count="1"/>
      <line num="31" type="stmt" count="0"/>
      <metrics loc="32" ncloc="30" classes="0" methods="0" coveredmethods="0" conditionals="0" coveredconditionals="0" statements="14" coveredstatements="12" elements="14" coveredelements="12"/>
    </file>
    <metrics files="7" loc="922" ncloc="495" classes="0" methods="0" coveredmethods="0" conditionals="0" coveredconditionals="0" statements="237" coveredstatements="135" elements="237" coveredelements="135"/>
  </project>
</coverage>
